{"C:/Users/Giovanni/Desktop/calcolatrice/src/App.jsx": {"path":"C:/Users/Giovanni/Desktop/calcolatrice/src/App.jsx","statementMap":{"0":{"start":{"line":5,"column":28},"end":{"line":5,"column":null}},"1":{"start":{"line":7,"column":16},"end":{"line":9,"column":null}},"2":{"start":{"line":8,"column":2},"end":{"line":8,"column":null}},"3":{"start":{"line":11,"column":16},"end":{"line":13,"column":null}},"4":{"start":{"line":12,"column":4},"end":{"line":12,"column":null}},"5":{"start":{"line":15,"column":20},"end":{"line":21,"column":null}},"6":{"start":{"line":16,"column":4},"end":{"line":20,"column":null}},"7":{"start":{"line":17,"column":6},"end":{"line":17,"column":null}},"8":{"start":{"line":19,"column":6},"end":{"line":19,"column":null}},"9":{"start":{"line":23,"column":2},"end":{"line":49,"column":null}},"10":{"start":{"line":29,"column":31},"end":{"line":29,"column":43}},"11":{"start":{"line":30,"column":31},"end":{"line":30,"column":43}},"12":{"start":{"line":31,"column":31},"end":{"line":31,"column":43}},"13":{"start":{"line":32,"column":31},"end":{"line":32,"column":43}},"14":{"start":{"line":34,"column":31},"end":{"line":34,"column":43}},"15":{"start":{"line":35,"column":31},"end":{"line":35,"column":43}},"16":{"start":{"line":36,"column":31},"end":{"line":36,"column":43}},"17":{"start":{"line":37,"column":31},"end":{"line":37,"column":43}},"18":{"start":{"line":39,"column":31},"end":{"line":39,"column":43}},"19":{"start":{"line":40,"column":31},"end":{"line":40,"column":43}},"20":{"start":{"line":41,"column":31},"end":{"line":41,"column":43}},"21":{"start":{"line":42,"column":31},"end":{"line":42,"column":43}},"22":{"start":{"line":44,"column":31},"end":{"line":44,"column":43}},"23":{"start":{"line":47,"column":31},"end":{"line":47,"column":43}}},"fnMap":{"0":{"name":"App","decl":{"start":{"line":4,"column":9},"end":{"line":4,"column":15}},"loc":{"start":{"line":4,"column":15},"end":{"line":51,"column":null}}},"1":{"name":"(anonymous_1)","decl":{"start":{"line":7,"column":16},"end":{"line":7,"column":17}},"loc":{"start":{"line":7,"column":27},"end":{"line":9,"column":null}}},"2":{"name":"(anonymous_2)","decl":{"start":{"line":11,"column":16},"end":{"line":11,"column":22}},"loc":{"start":{"line":11,"column":22},"end":{"line":13,"column":null}}},"3":{"name":"(anonymous_3)","decl":{"start":{"line":15,"column":20},"end":{"line":15,"column":26}},"loc":{"start":{"line":15,"column":26},"end":{"line":21,"column":null}}},"4":{"name":"(anonymous_4)","decl":{"start":{"line":29,"column":25},"end":{"line":29,"column":31}},"loc":{"start":{"line":29,"column":31},"end":{"line":29,"column":43}}},"5":{"name":"(anonymous_5)","decl":{"start":{"line":30,"column":25},"end":{"line":30,"column":31}},"loc":{"start":{"line":30,"column":31},"end":{"line":30,"column":43}}},"6":{"name":"(anonymous_6)","decl":{"start":{"line":31,"column":25},"end":{"line":31,"column":31}},"loc":{"start":{"line":31,"column":31},"end":{"line":31,"column":43}}},"7":{"name":"(anonymous_7)","decl":{"start":{"line":32,"column":25},"end":{"line":32,"column":31}},"loc":{"start":{"line":32,"column":31},"end":{"line":32,"column":43}}},"8":{"name":"(anonymous_8)","decl":{"start":{"line":34,"column":25},"end":{"line":34,"column":31}},"loc":{"start":{"line":34,"column":31},"end":{"line":34,"column":43}}},"9":{"name":"(anonymous_9)","decl":{"start":{"line":35,"column":25},"end":{"line":35,"column":31}},"loc":{"start":{"line":35,"column":31},"end":{"line":35,"column":43}}},"10":{"name":"(anonymous_10)","decl":{"start":{"line":36,"column":25},"end":{"line":36,"column":31}},"loc":{"start":{"line":36,"column":31},"end":{"line":36,"column":43}}},"11":{"name":"(anonymous_11)","decl":{"start":{"line":37,"column":25},"end":{"line":37,"column":31}},"loc":{"start":{"line":37,"column":31},"end":{"line":37,"column":43}}},"12":{"name":"(anonymous_12)","decl":{"start":{"line":39,"column":25},"end":{"line":39,"column":31}},"loc":{"start":{"line":39,"column":31},"end":{"line":39,"column":43}}},"13":{"name":"(anonymous_13)","decl":{"start":{"line":40,"column":25},"end":{"line":40,"column":31}},"loc":{"start":{"line":40,"column":31},"end":{"line":40,"column":43}}},"14":{"name":"(anonymous_14)","decl":{"start":{"line":41,"column":25},"end":{"line":41,"column":31}},"loc":{"start":{"line":41,"column":31},"end":{"line":41,"column":43}}},"15":{"name":"(anonymous_15)","decl":{"start":{"line":42,"column":25},"end":{"line":42,"column":31}},"loc":{"start":{"line":42,"column":31},"end":{"line":42,"column":43}}},"16":{"name":"(anonymous_16)","decl":{"start":{"line":44,"column":25},"end":{"line":44,"column":31}},"loc":{"start":{"line":44,"column":31},"end":{"line":44,"column":43}}},"17":{"name":"(anonymous_17)","decl":{"start":{"line":47,"column":25},"end":{"line":47,"column":31}},"loc":{"start":{"line":47,"column":31},"end":{"line":47,"column":43}}}},"branchMap":{},"s":{"0":0,"1":0,"2":0,"3":0,"4":0,"5":0,"6":0,"7":0,"8":0,"9":0,"10":0,"11":0,"12":0,"13":0,"14":0,"15":0,"16":0,"17":0,"18":0,"19":0,"20":0,"21":0,"22":0,"23":0},"f":{"0":0,"1":0,"2":0,"3":0,"4":0,"5":0,"6":0,"7":0,"8":0,"9":0,"10":0,"11":0,"12":0,"13":0,"14":0,"15":0,"16":0,"17":0},"b":{}}
,"C:/Users/Giovanni/Desktop/calcolatrice/src/main.jsx": {"path":"C:/Users/Giovanni/Desktop/calcolatrice/src/main.jsx","statementMap":{"0":{"start":{"line":5,"column":0},"end":{"line":7,"column":null}}},"fnMap":{},"branchMap":{},"s":{"0":0},"f":{},"b":{}}
,"C:/Users/Giovanni/Desktop/calcolatrice/src/libs/sum.js": {"path":"C:/Users/Giovanni/Desktop/calcolatrice/src/libs/sum.js","statementMap":{"0":{"start":{"line":1,"column":19},"end":{"line":1,"column":34}},"1":{"start":{"line":1,"column":29},"end":{"line":1,"column":34}},"2":{"start":{"line":2,"column":24},"end":{"line":2,"column":39}},"3":{"start":{"line":2,"column":34},"end":{"line":2,"column":39}},"4":{"start":{"line":3,"column":24},"end":{"line":3,"column":39}},"5":{"start":{"line":3,"column":34},"end":{"line":3,"column":39}},"6":{"start":{"line":4,"column":22},"end":{"line":4,"column":37}},"7":{"start":{"line":4,"column":32},"end":{"line":4,"column":37}}},"fnMap":{"0":{"name":"(anonymous_0)","decl":{"start":{"line":1,"column":19},"end":{"line":1,"column":20}},"loc":{"start":{"line":1,"column":29},"end":{"line":1,"column":34}}},"1":{"name":"(anonymous_1)","decl":{"start":{"line":2,"column":24},"end":{"line":2,"column":25}},"loc":{"start":{"line":2,"column":34},"end":{"line":2,"column":39}}},"2":{"name":"(anonymous_2)","decl":{"start":{"line":3,"column":24},"end":{"line":3,"column":25}},"loc":{"start":{"line":3,"column":34},"end":{"line":3,"column":39}}},"3":{"name":"(anonymous_3)","decl":{"start":{"line":4,"column":22},"end":{"line":4,"column":23}},"loc":{"start":{"line":4,"column":32},"end":{"line":4,"column":37}}}},"branchMap":{},"s":{"0":1,"1":3,"2":1,"3":3,"4":1,"5":0,"6":1,"7":0},"f":{"0":3,"1":3,"2":0,"3":0},"b":{}}
}
